<?xml version="1.0" encoding="UTF-8"?>
<coverage generated="1620378464551" clover="3.2.0">
  <project timestamp="1620378464551" name="All files">
    <metrics statements="48" coveredstatements="44" conditionals="8" coveredconditionals="6" methods="11" coveredmethods="11" elements="67" coveredelements="61" complexity="0" loc="48" ncloc="48" packages="1" files="1" classes="1"/>
    <file name="authentication.ts" path="/home/raramuri/Videos/Code/to-do-app/src/authentication.ts">
      <metrics statements="48" coveredstatements="44" conditionals="8" coveredconditionals="6" methods="11" coveredmethods="11"/>
      <line num="1" count="1" type="stmt"/>
      <line num="3" count="1" type="stmt"/>
      <line num="4" count="1" type="stmt"/>
      <line num="5" count="1" type="stmt"/>
      <line num="7" count="1" type="stmt"/>
      <line num="9" count="1" type="stmt"/>
      <line num="11" count="1" type="cond" truecount="1" falsecount="1"/>
      <line num="13" count="1" type="stmt"/>
      <line num="14" count="1" type="stmt"/>
      <line num="16" count="1" type="stmt"/>
      <line num="17" count="1" type="stmt"/>
      <line num="19" count="1" type="stmt"/>
      <line num="20" count="1" type="stmt"/>
      <line num="22" count="1" type="stmt"/>
      <line num="23" count="1" type="stmt"/>
      <line num="26" count="1" type="stmt"/>
      <line num="27" count="6" type="stmt"/>
      <line num="30" count="6" type="stmt"/>
      <line num="31" count="8" type="stmt"/>
      <line num="34" count="8" type="cond" truecount="2" falsecount="0"/>
      <line num="35" count="4" type="stmt"/>
      <line num="36" count="4" type="stmt"/>
      <line num="40" count="4" type="stmt"/>
      <line num="41" count="4" type="stmt"/>
      <line num="43" count="2" type="stmt"/>
      <line num="44" count="2" type="stmt"/>
      <line num="47" count="0" type="stmt"/>
      <line num="48" count="0" type="stmt"/>
      <line num="51" count="1" type="stmt"/>
      <line num="53" count="1" type="stmt"/>
      <line num="55" count="2" type="stmt"/>
      <line num="57" count="2" type="stmt"/>
      <line num="58" count="5" type="stmt"/>
      <line num="61" count="2" type="cond" truecount="1" falsecount="1"/>
      <line num="62" count="0" type="stmt"/>
      <line num="64" count="2" type="stmt"/>
      <line num="67" count="3" type="cond" truecount="2" falsecount="0"/>
      <line num="68" count="1" type="stmt"/>
      <line num="69" count="2" type="stmt"/>
      <line num="71" count="1" type="stmt"/>
      <line num="72" count="1" type="stmt"/>
      <line num="75" count="0" type="stmt"/>
      <line num="79" count="1" type="stmt"/>
      <line num="82" count="1" type="stmt"/>
      <line num="83" count="1" type="stmt"/>
      <line num="87" count="1" type="stmt"/>
      <line num="88" count="9" type="stmt"/>
      <line num="91" count="1" type="stmt"/>
    </file>
  </project>
</coverage>
