{"/home/raramuri/Videos/Code/to-do-app/src/authentication.ts": {"path":"/home/raramuri/Videos/Code/to-do-app/src/authentication.ts","statementMap":{"0":{"start":{"line":1,"column":0},"end":{"line":1,"column":27}},"1":{"start":{"line":3,"column":0},"end":{"line":3,"column":37}},"2":{"start":{"line":4,"column":0},"end":{"line":4,"column":45}},"3":{"start":{"line":5,"column":0},"end":{"line":5,"column":33}},"4":{"start":{"line":7,"column":0},"end":{"line":7,"column":33}},"5":{"start":{"line":9,"column":0},"end":{"line":9,"column":45}},"6":{"start":{"line":11,"column":13},"end":{"line":11,"column":37}},"7":{"start":{"line":13,"column":47},"end":{"line":13,"column":56}},"8":{"start":{"line":14,"column":23},"end":{"line":14,"column":35}},"9":{"start":{"line":16,"column":0},"end":{"line":16,"column":22}},"10":{"start":{"line":17,"column":0},"end":{"line":17,"column":54}},"11":{"start":{"line":19,"column":57},"end":{"line":19,"column":59}},"12":{"start":{"line":20,"column":0},"end":{"line":25,"column":2}},"13":{"start":{"line":22,"column":64},"end":{"line":24,"column":null}},"14":{"start":{"line":23,"column":4},"end":{"line":23,"column":21}},"15":{"start":{"line":26,"column":17},"end":{"line":50,"column":2}},"16":{"start":{"line":27,"column":57},"end":{"line":50,"column":2}},"17":{"start":{"line":30,"column":10},"end":{"line":32,"column":7}},"18":{"start":{"line":31,"column":6},"end":{"line":31,"column":49}},"19":{"start":{"line":34,"column":8},"end":{"line":34,"column":17}},"20":{"start":{"line":35,"column":29},"end":{"line":35,"column":null}},"21":{"start":{"line":35,"column":12},"end":{"line":35,"column":null}},"22":{"start":{"line":36,"column":12},"end":{"line":39,"column":8}},"23":{"start":{"line":40,"column":6},"end":{"line":40,"column":23}},"24":{"start":{"line":41,"column":6},"end":{"line":41,"column":23}},"25":{"start":{"line":43,"column":6},"end":{"line":43,"column":23}},"26":{"start":{"line":44,"column":6},"end":{"line":44,"column":51}},"27":{"start":{"line":47,"column":4},"end":{"line":47,"column":21}},"28":{"start":{"line":48,"column":4},"end":{"line":48,"column":39}},"29":{"start":{"line":51,"column":0},"end":{"line":51,"column":32}},"30":{"start":{"line":53,"column":14},"end":{"line":77,"column":2}},"31":{"start":{"line":55,"column":11},"end":{"line":77,"column":2}},"32":{"start":{"line":57,"column":8},"end":{"line":59,"column":5}},"33":{"start":{"line":58,"column":4},"end":{"line":58,"column":47}},"34":{"start":{"line":61,"column":2},"end":{"line":65,"column":null}},"35":{"start":{"line":62,"column":4},"end":{"line":62,"column":21}},"36":{"start":{"line":64,"column":4},"end":{"line":64,"column":28}},"37":{"start":{"line":67,"column":8},"end":{"line":67,"column":null}},"38":{"start":{"line":67,"column":8},"end":{"line":67,"column":14}},"39":{"start":{"line":68,"column":6},"end":{"line":68,"column":37}},"40":{"start":{"line":69,"column":6},"end":{"line":69,"column":19}},"41":{"start":{"line":71,"column":6},"end":{"line":71,"column":23}},"42":{"start":{"line":72,"column":6},"end":{"line":72,"column":61}},"43":{"start":{"line":75,"column":4},"end":{"line":75,"column":21}},"44":{"start":{"line":79,"column":0},"end":{"line":85,"column":2}},"45":{"start":{"line":82,"column":64},"end":{"line":84,"column":null}},"46":{"start":{"line":83,"column":4},"end":{"line":83,"column":29}},"47":{"start":{"line":87,"column":15},"end":{"line":89,"column":2}},"48":{"start":{"line":88,"column":2},"end":{"line":88,"column":46}},"49":{"start":{"line":91,"column":0},"end":{"line":91,"column":22}}},"fnMap":{"0":{"name":"(anonymous_13)","decl":{"start":{"line":22,"column":2},"end":{"line":22,"column":9}},"loc":{"start":{"line":22,"column":64},"end":{"line":24,"column":null}}},"1":{"name":"(anonymous_14)","decl":{"start":{"line":22,"column":64},"end":{"line":22,"column":null}},"loc":{"start":{"line":22,"column":64},"end":{"line":24,"column":null}}},"2":{"name":"(anonymous_16)","decl":{"start":{"line":26,"column":17},"end":{"line":26,"column":null}},"loc":{"start":{"line":27,"column":57},"end":{"line":50,"column":2}}},"3":{"name":"(anonymous_17)","decl":{"start":{"line":27,"column":57},"end":{"line":27,"column":null}},"loc":{"start":{"line":27,"column":57},"end":{"line":50,"column":2}}},"4":{"name":"(anonymous_19)","decl":{"start":{"line":30,"column":38},"end":{"line":30,"column":39}},"loc":{"start":{"line":30,"column":43},"end":{"line":32,"column":5}}},"5":{"name":"(anonymous_20)","decl":{"start":{"line":53,"column":14},"end":{"line":53,"column":null}},"loc":{"start":{"line":55,"column":11},"end":{"line":77,"column":2}}},"6":{"name":"(anonymous_21)","decl":{"start":{"line":55,"column":11},"end":{"line":55,"column":null}},"loc":{"start":{"line":55,"column":11},"end":{"line":77,"column":2}}},"7":{"name":"(anonymous_23)","decl":{"start":{"line":57,"column":36},"end":{"line":57,"column":37}},"loc":{"start":{"line":57,"column":41},"end":{"line":59,"column":3}}},"8":{"name":"(anonymous_24)","decl":{"start":{"line":82,"column":2},"end":{"line":82,"column":9}},"loc":{"start":{"line":82,"column":64},"end":{"line":84,"column":null}}},"9":{"name":"(anonymous_25)","decl":{"start":{"line":82,"column":64},"end":{"line":82,"column":null}},"loc":{"start":{"line":82,"column":64},"end":{"line":84,"column":null}}},"10":{"name":"(anonymous_27)","decl":{"start":{"line":87,"column":48},"end":{"line":87,"column":null}},"loc":{"start":{"line":87,"column":48},"end":{"line":89,"column":1}}}},"branchMap":{"0":{"loc":{"start":{"line":11,"column":13},"end":{"line":11,"column":29}},"type":"binary-expr","locations":[{"start":{"line":11,"column":13},"end":{"line":11,"column":29}},{"start":{"line":11,"column":33},"end":{"line":11,"column":37}}]},"1":{"loc":{"start":{"line":34,"column":8},"end":{"line":34,"column":17}},"type":"if","locations":[{"start":{"line":34,"column":8},"end":{"line":34,"column":17}},{"start":{"line":34,"column":8},"end":{"line":34,"column":17}}]},"2":{"loc":{"start":{"line":61,"column":2},"end":{"line":65,"column":null}},"type":"if","locations":[{"start":{"line":61,"column":2},"end":{"line":65,"column":null}},{"start":{"line":61,"column":2},"end":{"line":65,"column":null}}]},"3":{"loc":{"start":{"line":67,"column":8},"end":{"line":67,"column":14}},"type":"if","locations":[{"start":{"line":67,"column":8},"end":{"line":67,"column":14}},{"start":{"line":67,"column":8},"end":{"line":67,"column":14}}]}},"s":{"0":1,"1":1,"2":1,"3":1,"4":1,"5":1,"6":1,"7":1,"8":1,"9":1,"10":1,"11":1,"12":1,"13":1,"14":1,"15":1,"16":6,"17":6,"18":8,"19":8,"20":4,"21":4,"22":4,"23":4,"24":4,"25":2,"26":2,"27":0,"28":0,"29":1,"30":1,"31":2,"32":2,"33":5,"34":2,"35":0,"36":2,"37":2,"38":3,"39":1,"40":2,"41":1,"42":1,"43":0,"44":1,"45":1,"46":1,"47":1,"48":9,"49":1},"f":{"0":1,"1":1,"2":6,"3":6,"4":8,"5":2,"6":2,"7":5,"8":1,"9":1,"10":9},"b":{"0":[1,0],"1":[2,4],"2":[0,2],"3":[1,1]}}
}
