{"/home/raramuri/Videos/Code/to-do-app/src/authentication.ts": {"path":"/home/raramuri/Videos/Code/to-do-app/src/authentication.ts","statementMap":{"0":{"start":{"line":1,"column":0},"end":{"line":1,"column":27}},"1":{"start":{"line":3,"column":0},"end":{"line":3,"column":37}},"2":{"start":{"line":4,"column":0},"end":{"line":4,"column":45}},"3":{"start":{"line":5,"column":0},"end":{"line":5,"column":33}},"4":{"start":{"line":6,"column":0},"end":{"line":6,"column":39}},"5":{"start":{"line":7,"column":0},"end":{"line":7,"column":45}},"6":{"start":{"line":9,"column":0},"end":{"line":9,"column":45}},"7":{"start":{"line":11,"column":13},"end":{"line":11,"column":37}},"8":{"start":{"line":13,"column":47},"end":{"line":13,"column":56}},"9":{"start":{"line":14,"column":23},"end":{"line":14,"column":35}},"10":{"start":{"line":16,"column":0},"end":{"line":16,"column":22}},"11":{"start":{"line":17,"column":0},"end":{"line":17,"column":54}},"12":{"start":{"line":19,"column":0},"end":{"line":19,"column":68}},"13":{"start":{"line":20,"column":0},"end":{"line":20,"column":62}},"14":{"start":{"line":22,"column":15},"end":{"line":24,"column":2}},"15":{"start":{"line":23,"column":2},"end":{"line":23,"column":46}},"16":{"start":{"line":26,"column":0},"end":{"line":26,"column":22}}},"fnMap":{"0":{"name":"(anonymous_0)","decl":{"start":{"line":22,"column":48},"end":{"line":22,"column":null}},"loc":{"start":{"line":22,"column":48},"end":{"line":24,"column":1}}}},"branchMap":{"0":{"loc":{"start":{"line":11,"column":13},"end":{"line":11,"column":29}},"type":"binary-expr","locations":[{"start":{"line":11,"column":13},"end":{"line":11,"column":29}},{"start":{"line":11,"column":33},"end":{"line":11,"column":37}}]}},"s":{"0":1,"1":1,"2":1,"3":1,"4":1,"5":1,"6":1,"7":1,"8":1,"9":1,"10":1,"11":1,"12":1,"13":1,"14":1,"15":9,"16":1},"f":{"0":9},"b":{"0":[1,0]}}
,"/home/raramuri/Videos/Code/to-do-app/src/controllers/addUser.ts": {"path":"/home/raramuri/Videos/Code/to-do-app/src/controllers/addUser.ts","statementMap":{"0":{"start":{"line":2,"column":0},"end":{"line":2,"column":33}},"1":{"start":{"line":3,"column":0},"end":{"line":3,"column":25}},"2":{"start":{"line":4,"column":0},"end":{"line":4,"column":29}},"3":{"start":{"line":6,"column":0},"end":{"line":6,"column":null}},"4":{"start":{"line":8,"column":2},"end":{"line":8,"column":null}},"5":{"start":{"line":11,"column":2},"end":{"line":45,"column":4}},"6":{"start":{"line":13,"column":13},"end":{"line":45,"column":4}},"7":{"start":{"line":16,"column":12},"end":{"line":20,"column":11}},"8":{"start":{"line":19,"column":10},"end":{"line":19,"column":53}},"9":{"start":{"line":22,"column":10},"end":{"line":22,"column":19}},"10":{"start":{"line":23,"column":31},"end":{"line":23,"column":null}},"11":{"start":{"line":23,"column":14},"end":{"line":23,"column":null}},"12":{"start":{"line":24,"column":14},"end":{"line":27,"column":10}},"13":{"start":{"line":28,"column":8},"end":{"line":28,"column":33}},"14":{"start":{"line":29,"column":8},"end":{"line":33,"column":10}},"15":{"start":{"line":34,"column":8},"end":{"line":34,"column":33}},"16":{"start":{"line":36,"column":8},"end":{"line":36,"column":25}},"17":{"start":{"line":37,"column":8},"end":{"line":37,"column":53}},"18":{"start":{"line":40,"column":6},"end":{"line":40,"column":39}},"19":{"start":{"line":41,"column":6},"end":{"line":41,"column":23}},"20":{"start":{"line":42,"column":6},"end":{"line":42,"column":41}},"21":{"start":{"line":44,"column":4},"end":{"line":44,"column":11}},"22":{"start":{"line":9,"column":4},"end":{"line":9,"column":23}},"23":{"start":{"line":46,"column":0},"end":{"line":46,"column":null}},"24":{"start":{"line":48,"column":0},"end":{"line":48,"column":23}}},"fnMap":{"0":{"name":"(anonymous_13)","decl":{"start":{"line":6,"column":0},"end":{"line":6,"column":null}},"loc":{"start":{"line":6,"column":0},"end":{"line":46,"column":null}}},"1":{"name":"addUser","decl":{"start":{"line":8,"column":2},"end":{"line":8,"column":null}},"loc":{"start":{"line":8,"column":2},"end":{"line":10,"column":3}}},"2":{"name":"(anonymous_15)","decl":{"start":{"line":11,"column":13},"end":{"line":11,"column":null}},"loc":{"start":{"line":13,"column":13},"end":{"line":45,"column":4}}},"3":{"name":"(anonymous_16)","decl":{"start":{"line":13,"column":13},"end":{"line":13,"column":null}},"loc":{"start":{"line":13,"column":13},"end":{"line":45,"column":4}}},"4":{"name":"(anonymous_18)","decl":{"start":{"line":18,"column":32},"end":{"line":18,"column":33}},"loc":{"start":{"line":18,"column":37},"end":{"line":20,"column":9}}},"5":{"name":"(anonymous_19)","decl":{"start":{"line":32,"column":10},"end":{"line":32,"column":17}},"loc":{"start":{"line":32,"column":10},"end":{"line":32,"column":18}}}},"branchMap":{"0":{"loc":{"start":{"line":17,"column":8},"end":{"line":17,"column":28}},"type":"binary-expr","locations":[{"start":{"line":17,"column":8},"end":{"line":17,"column":28}},{"start":{"line":18,"column":8},"end":{"line":20,"column":10}}]},"1":{"loc":{"start":{"line":22,"column":10},"end":{"line":22,"column":19}},"type":"if","locations":[{"start":{"line":22,"column":10},"end":{"line":22,"column":19}},{"start":{"line":22,"column":10},"end":{"line":22,"column":19}}]}},"s":{"0":1,"1":1,"2":1,"3":1,"4":1,"5":1,"6":6,"7":6,"8":8,"9":8,"10":4,"11":4,"12":4,"13":4,"14":4,"15":4,"16":2,"17":2,"18":0,"19":0,"20":0,"21":6,"22":1,"23":1,"24":1},"f":{"0":1,"1":1,"2":6,"3":6,"4":8,"5":4},"b":{"0":[6,6],"1":[2,4]}}
,"/home/raramuri/Videos/Code/to-do-app/src/controllers/auth.ts": {"path":"/home/raramuri/Videos/Code/to-do-app/src/controllers/auth.ts","statementMap":{"0":{"start":{"line":2,"column":0},"end":{"line":2,"column":33}},"1":{"start":{"line":4,"column":0},"end":{"line":4,"column":36}},"2":{"start":{"line":6,"column":0},"end":{"line":6,"column":27}},"3":{"start":{"line":8,"column":0},"end":{"line":8,"column":null}},"4":{"start":{"line":10,"column":2},"end":{"line":10,"column":14}},"5":{"start":{"line":13,"column":2},"end":{"line":17,"column":4}},"6":{"start":{"line":14,"column":4},"end":{"line":16,"column":7}},"7":{"start":{"line":18,"column":2},"end":{"line":35,"column":4}},"8":{"start":{"line":20,"column":13},"end":{"line":35,"column":4}},"9":{"start":{"line":22,"column":10},"end":{"line":22,"column":60}},"10":{"start":{"line":23,"column":10},"end":{"line":23,"column":57}},"11":{"start":{"line":25,"column":4},"end":{"line":25,"column":38}},"12":{"start":{"line":26,"column":4},"end":{"line":26,"column":41}},"13":{"start":{"line":26,"column":24},"end":{"line":26,"column":41}},"14":{"start":{"line":27,"column":4},"end":{"line":33,"column":7}},"15":{"start":{"line":28,"column":6},"end":{"line":31,"column":null}},"16":{"start":{"line":29,"column":8},"end":{"line":29,"column":25}},"17":{"start":{"line":30,"column":8},"end":{"line":30,"column":38}},"18":{"start":{"line":32,"column":6},"end":{"line":32,"column":30}},"19":{"start":{"line":34,"column":4},"end":{"line":34,"column":11}},"20":{"start":{"line":36,"column":2},"end":{"line":63,"column":4}},"21":{"start":{"line":38,"column":13},"end":{"line":63,"column":4}},"22":{"start":{"line":40,"column":10},"end":{"line":42,"column":7}},"23":{"start":{"line":41,"column":6},"end":{"line":41,"column":49}},"24":{"start":{"line":43,"column":4},"end":{"line":46,"column":null}},"25":{"start":{"line":44,"column":6},"end":{"line":44,"column":23}},"26":{"start":{"line":45,"column":6},"end":{"line":45,"column":47}},"27":{"start":{"line":47,"column":10},"end":{"line":47,"column":78}},"28":{"start":{"line":50,"column":10},"end":{"line":50,"column":74}},"29":{"start":{"line":50,"column":6},"end":{"line":58,"column":null}},"30":{"start":{"line":52,"column":14},"end":{"line":52,"column":59}},"31":{"start":{"line":53,"column":14},"end":{"line":53,"column":78}},"32":{"start":{"line":54,"column":8},"end":{"line":54,"column":76}},"33":{"start":{"line":56,"column":8},"end":{"line":56,"column":25}},"34":{"start":{"line":57,"column":8},"end":{"line":57,"column":63}},"35":{"start":{"line":60,"column":6},"end":{"line":60,"column":23}},"36":{"start":{"line":62,"column":4},"end":{"line":62,"column":11}},"37":{"start":{"line":11,"column":4},"end":{"line":11,"column":25}},"38":{"start":{"line":64,"column":0},"end":{"line":64,"column":null}},"39":{"start":{"line":65,"column":0},"end":{"line":65,"column":26}}},"fnMap":{"0":{"name":"(anonymous_13)","decl":{"start":{"line":8,"column":0},"end":{"line":8,"column":null}},"loc":{"start":{"line":8,"column":0},"end":{"line":64,"column":null}}},"1":{"name":"authRoutes","decl":{"start":{"line":10,"column":2},"end":{"line":10,"column":14}},"loc":{"start":{"line":10,"column":61},"end":{"line":12,"column":3}}},"2":{"name":"(anonymous_15)","decl":{"start":{"line":13,"column":24},"end":{"line":13,"column":25}},"loc":{"start":{"line":13,"column":65},"end":{"line":17,"column":3}}},"3":{"name":"(anonymous_16)","decl":{"start":{"line":18,"column":22},"end":{"line":18,"column":null}},"loc":{"start":{"line":20,"column":13},"end":{"line":35,"column":4}}},"4":{"name":"(anonymous_17)","decl":{"start":{"line":20,"column":13},"end":{"line":20,"column":null}},"loc":{"start":{"line":20,"column":13},"end":{"line":35,"column":4}}},"5":{"name":"(anonymous_19)","decl":{"start":{"line":27,"column":55},"end":{"line":27,"column":56}},"loc":{"start":{"line":27,"column":65},"end":{"line":33,"column":5}}},"6":{"name":"(anonymous_20)","decl":{"start":{"line":36,"column":10},"end":{"line":36,"column":null}},"loc":{"start":{"line":38,"column":13},"end":{"line":63,"column":4}}},"7":{"name":"(anonymous_21)","decl":{"start":{"line":38,"column":13},"end":{"line":38,"column":null}},"loc":{"start":{"line":38,"column":13},"end":{"line":63,"column":4}}},"8":{"name":"(anonymous_23)","decl":{"start":{"line":40,"column":46},"end":{"line":40,"column":47}},"loc":{"start":{"line":40,"column":51},"end":{"line":42,"column":5}}}},"branchMap":{"0":{"loc":{"start":{"line":23,"column":18},"end":{"line":23,"column":28}},"type":"binary-expr","locations":[{"start":{"line":23,"column":18},"end":{"line":23,"column":28}},{"start":{"line":23,"column":32},"end":{"line":23,"column":56}}]},"1":{"loc":{"start":{"line":26,"column":4},"end":{"line":26,"column":41}},"type":"if","locations":[{"start":{"line":26,"column":4},"end":{"line":26,"column":41}},{"start":{"line":26,"column":4},"end":{"line":26,"column":41}}]},"2":{"loc":{"start":{"line":28,"column":6},"end":{"line":31,"column":null}},"type":"if","locations":[{"start":{"line":28,"column":6},"end":{"line":31,"column":null}},{"start":{"line":28,"column":6},"end":{"line":31,"column":null}}]},"3":{"loc":{"start":{"line":43,"column":4},"end":{"line":46,"column":null}},"type":"if","locations":[{"start":{"line":43,"column":4},"end":{"line":46,"column":null}},{"start":{"line":43,"column":4},"end":{"line":46,"column":null}}]},"4":{"loc":{"start":{"line":50,"column":6},"end":{"line":58,"column":null}},"type":"if","locations":[{"start":{"line":50,"column":6},"end":{"line":58,"column":null}},{"start":{"line":50,"column":6},"end":{"line":58,"column":null}}]}},"s":{"0":1,"1":1,"2":1,"3":1,"4":1,"5":1,"6":1,"7":1,"8":0,"9":0,"10":0,"11":0,"12":0,"13":0,"14":0,"15":0,"16":0,"17":0,"18":0,"19":0,"20":1,"21":2,"22":2,"23":5,"24":2,"25":0,"26":0,"27":2,"28":2,"29":2,"30":1,"31":1,"32":1,"33":1,"34":1,"35":0,"36":2,"37":1,"38":1,"39":1},"f":{"0":1,"1":1,"2":1,"3":0,"4":0,"5":0,"6":2,"7":2,"8":5},"b":{"0":[0,0],"1":[0,0],"2":[0,0],"3":[0,2],"4":[1,1]}}
,"/home/raramuri/Videos/Code/to-do-app/src/routes/addUser.ts": {"path":"/home/raramuri/Videos/Code/to-do-app/src/routes/addUser.ts","statementMap":{"0":{"start":{"line":1,"column":0},"end":{"line":1,"column":37}},"1":{"start":{"line":2,"column":0},"end":{"line":2,"column":45}},"2":{"start":{"line":7,"column":23},"end":{"line":7,"column":35}},"3":{"start":{"line":8,"column":12},"end":{"line":8,"column":25}},"4":{"start":{"line":10,"column":0},"end":{"line":15,"column":2}},"5":{"start":{"line":12,"column":64},"end":{"line":14,"column":null}},"6":{"start":{"line":13,"column":4},"end":{"line":13,"column":28}},"7":{"start":{"line":16,"column":0},"end":{"line":16,"column":36}},"8":{"start":{"line":18,"column":65},"end":{"line":18,"column":77}},"9":{"start":{"line":21,"column":9},"end":{"line":21,"column":22}},"10":{"start":{"line":20,"column":0},"end":{"line":20,"column":22}}},"fnMap":{"0":{"name":"(anonymous_13)","decl":{"start":{"line":12,"column":2},"end":{"line":12,"column":9}},"loc":{"start":{"line":12,"column":64},"end":{"line":14,"column":null}}},"1":{"name":"(anonymous_14)","decl":{"start":{"line":12,"column":64},"end":{"line":12,"column":null}},"loc":{"start":{"line":12,"column":64},"end":{"line":14,"column":null}}}},"branchMap":{},"s":{"0":1,"1":1,"2":1,"3":1,"4":1,"5":1,"6":1,"7":1,"8":1,"9":1,"10":1},"f":{"0":1,"1":1},"b":{}}
,"/home/raramuri/Videos/Code/to-do-app/src/routes/auth.ts": {"path":"/home/raramuri/Videos/Code/to-do-app/src/routes/auth.ts","statementMap":{"0":{"start":{"line":1,"column":0},"end":{"line":1,"column":37}},"1":{"start":{"line":2,"column":0},"end":{"line":2,"column":39}},"2":{"start":{"line":6,"column":0},"end":{"line":6,"column":42}},"3":{"start":{"line":9,"column":23},"end":{"line":9,"column":35}},"4":{"start":{"line":10,"column":19},"end":{"line":10,"column":42}},"5":{"start":{"line":12,"column":0},"end":{"line":16,"column":2}},"6":{"start":{"line":15,"column":64},"end":{"line":15,"column":null}},"7":{"start":{"line":18,"column":0},"end":{"line":24,"column":2}},"8":{"start":{"line":21,"column":64},"end":{"line":23,"column":null}},"9":{"start":{"line":22,"column":4},"end":{"line":22,"column":32}},"10":{"start":{"line":25,"column":0},"end":{"line":25,"column":22}}},"fnMap":{"0":{"name":"(anonymous_13)","decl":{"start":{"line":15,"column":2},"end":{"line":15,"column":9}},"loc":{"start":{"line":15,"column":64},"end":{"line":15,"column":null}}},"1":{"name":"(anonymous_14)","decl":{"start":{"line":15,"column":64},"end":{"line":15,"column":71}},"loc":{"start":{"line":15,"column":64},"end":{"line":15,"column":null}}},"2":{"name":"(anonymous_16)","decl":{"start":{"line":21,"column":2},"end":{"line":21,"column":9}},"loc":{"start":{"line":21,"column":64},"end":{"line":23,"column":null}}},"3":{"name":"(anonymous_17)","decl":{"start":{"line":21,"column":64},"end":{"line":21,"column":null}},"loc":{"start":{"line":21,"column":64},"end":{"line":23,"column":null}}}},"branchMap":{},"s":{"0":1,"1":1,"2":1,"3":1,"4":1,"5":1,"6":4,"7":1,"8":0,"9":0,"10":1},"f":{"0":2,"1":4,"2":0,"3":0},"b":{}}
}
