TN:
SF:src/authentication.ts
FN:22,(anonymous_0)
FNF:1
FNH:1
FNDA:9,(anonymous_0)
DA:1,1
DA:3,1
DA:4,1
DA:5,1
DA:6,1
DA:7,1
DA:9,1
DA:11,1
DA:13,1
DA:14,1
DA:16,1
DA:17,1
DA:19,1
DA:20,1
DA:22,1
DA:23,9
DA:26,1
LF:17
LH:17
BRDA:11,0,0,1
BRDA:11,0,1,0
BRF:2
BRH:1
end_of_record
TN:
SF:src/controllers/addUser.ts
FN:6,(anonymous_13)
FN:8,addUser
FN:11,(anonymous_15)
FN:13,(anonymous_16)
FN:18,(anonymous_18)
FN:32,(anonymous_19)
FNF:6
FNH:6
FNDA:1,(anonymous_13)
FNDA:1,addUser
FNDA:6,(anonymous_15)
FNDA:6,(anonymous_16)
FNDA:8,(anonymous_18)
FNDA:4,(anonymous_19)
DA:2,1
DA:3,1
DA:4,1
DA:6,1
DA:8,1
DA:9,1
DA:11,1
DA:13,6
DA:16,6
DA:19,8
DA:22,8
DA:23,4
DA:24,4
DA:28,4
DA:29,4
DA:34,4
DA:36,2
DA:37,2
DA:40,0
DA:41,0
DA:42,0
DA:44,6
DA:46,1
DA:48,1
LF:24
LH:21
BRDA:17,0,0,6
BRDA:17,0,1,6
BRDA:22,1,0,2
BRDA:22,1,1,4
BRF:4
BRH:4
end_of_record
TN:
SF:src/controllers/auth.ts
FN:8,(anonymous_13)
FN:10,authRoutes
FN:13,(anonymous_15)
FN:18,(anonymous_16)
FN:20,(anonymous_17)
FN:27,(anonymous_19)
FN:36,(anonymous_20)
FN:38,(anonymous_21)
FN:40,(anonymous_23)
FNF:9
FNH:6
FNDA:1,(anonymous_13)
FNDA:1,authRoutes
FNDA:1,(anonymous_15)
FNDA:0,(anonymous_16)
FNDA:0,(anonymous_17)
FNDA:0,(anonymous_19)
FNDA:2,(anonymous_20)
FNDA:2,(anonymous_21)
FNDA:5,(anonymous_23)
DA:2,1
DA:4,1
DA:6,1
DA:8,1
DA:10,1
DA:11,1
DA:13,1
DA:14,1
DA:18,1
DA:20,0
DA:22,0
DA:23,0
DA:25,0
DA:26,0
DA:27,0
DA:28,0
DA:29,0
DA:30,0
DA:32,0
DA:34,0
DA:36,1
DA:38,2
DA:40,2
DA:41,5
DA:43,2
DA:44,0
DA:45,0
DA:47,2
DA:50,2
DA:52,1
DA:53,1
DA:54,1
DA:56,1
DA:57,1
DA:60,0
DA:62,2
DA:64,1
DA:65,1
LF:38
LH:24
BRDA:23,0,0,0
BRDA:23,0,1,0
BRDA:26,1,0,0
BRDA:26,1,1,0
BRDA:28,2,0,0
BRDA:28,2,1,0
BRDA:43,3,0,0
BRDA:43,3,1,2
BRDA:50,4,0,1
BRDA:50,4,1,1
BRF:10
BRH:3
end_of_record
TN:
SF:src/routes/addUser.ts
FN:12,(anonymous_13)
FN:12,(anonymous_14)
FNF:2
FNH:2
FNDA:1,(anonymous_13)
FNDA:1,(anonymous_14)
DA:1,1
DA:2,1
DA:7,1
DA:8,1
DA:10,1
DA:12,1
DA:13,1
DA:16,1
DA:18,1
DA:20,1
DA:21,1
LF:11
LH:11
BRF:0
BRH:0
end_of_record
TN:
SF:src/routes/auth.ts
FN:15,(anonymous_13)
FN:15,(anonymous_14)
FN:21,(anonymous_16)
FN:21,(anonymous_17)
FNF:4
FNH:2
FNDA:2,(anonymous_13)
FNDA:4,(anonymous_14)
FNDA:0,(anonymous_16)
FNDA:0,(anonymous_17)
DA:1,1
DA:2,1
DA:6,1
DA:9,1
DA:10,1
DA:12,1
DA:15,4
DA:18,1
DA:21,0
DA:22,0
DA:25,1
LF:11
LH:9
BRF:0
BRH:0
end_of_record
