TN:
SF:src/authentication.ts
FN:22,(anonymous_13)
FN:22,(anonymous_14)
FN:29,(anonymous_16)
FN:29,(anonymous_17)
FN:33,(anonymous_19)
FN:34,(anonymous_20)
FN:51,(anonymous_22)
FN:52,(anonymous_23)
FN:54,(anonymous_25)
FN:70,(anonymous_26)
FNF:10
FNH:10
FNDA:1,(anonymous_13)
FNDA:1,(anonymous_14)
FNDA:1,(anonymous_16)
FNDA:1,(anonymous_17)
FNDA:4,(anonymous_19)
FNDA:4,(anonymous_20)
FNDA:2,(anonymous_22)
FNDA:2,(anonymous_23)
FNDA:2,(anonymous_25)
FNDA:8,(anonymous_26)
DA:1,1
DA:3,1
DA:4,1
DA:5,1
DA:7,1
DA:9,1
DA:11,1
DA:13,1
DA:14,1
DA:16,1
DA:18,1
DA:20,1
DA:22,1
DA:23,1
DA:27,1
DA:29,1
DA:30,1
DA:33,1
DA:34,4
DA:37,4
DA:38,4
DA:42,4
DA:43,4
DA:45,0
DA:46,0
DA:49,1
DA:51,1
DA:52,2
DA:54,2
DA:56,2
DA:58,2
DA:62,0
DA:66,1
DA:68,1
DA:70,1
DA:71,8
DA:74,1
LF:37
LH:34
BRDA:11,0,0,1
BRDA:11,0,1,0
BRDA:56,1,0,0
BRDA:56,1,1,2
BRDA:59,2,0,1
BRDA:59,2,1,1
BRF:6
BRH:4
end_of_record
